<?xml version="1.0" encoding="UTF-8"?>
<testng-results ignored="0" total="2" passed="2" failed="0" skipped="0">
  <reporter-output>
  </reporter-output>
  <suite started-at="2025-04-13T12:34:53 IST" name="Surefire suite" finished-at="2025-04-13T12:34:56 IST" duration-ms="3103">
    <groups>
    </groups>
    <test started-at="2025-04-13T12:34:53 IST" name="Surefire test" finished-at="2025-04-13T12:34:56 IST" duration-ms="3103">
      <class name="com.selenium.LoginTest">
        <test-method is-config="true" signature="setup()[pri:0, instance:com.selenium.LoginTest@6279cee3]" started-at="2025-04-13T12:34:53 IST" name="setup" finished-at="2025-04-13T12:34:55 IST" duration-ms="2306" status="PASS">
          <reporter-output>
          </reporter-output>
        </test-method> <!-- setup -->
        <test-method signature="testLogin()[pri:0, instance:com.selenium.LoginTest@6279cee3]" started-at="2025-04-13T12:34:55 IST" name="testLogin" finished-at="2025-04-13T12:34:56 IST" duration-ms="362" status="PASS">
          <reporter-output>
          </reporter-output>
        </test-method> <!-- testLogin -->
        <test-method is-config="true" signature="tearDown()[pri:0, instance:com.selenium.LoginTest@6279cee3]" started-at="2025-04-13T12:34:56 IST" name="tearDown" finished-at="2025-04-13T12:34:56 IST" duration-ms="356" status="PASS">
          <reporter-output>
          </reporter-output>
        </test-method> <!-- tearDown -->
      </class> <!-- com.selenium.LoginTest -->
      <class name="com.selenium.AppTest">
        <test-method signature="testExample()[pri:0, instance:com.selenium.AppTest@27c6e487]" started-at="2025-04-13T12:34:55 IST" name="testExample" finished-at="2025-04-13T12:34:55 IST" duration-ms="0" status="PASS">
          <reporter-output>
          </reporter-output>
        </test-method> <!-- testExample -->
      </class> <!-- com.selenium.AppTest -->
    </test> <!-- Surefire test -->
  </suite> <!-- Surefire suite -->
</testng-results>
